[0.010s] Invoking command in '/home/roberto/dev_ws/src/my_bot/build/my_bot': CMAKE_PREFIX_PATH=${CMAKE_PREFIX_PATH}:/opt/ros/humble /usr/bin/cmake /home/roberto/dev_ws/src/my_bot -DAMENT_CMAKE_SYMLINK_INSTALL=1 -DCMAKE_INSTALL_PREFIX=/home/roberto/dev_ws/src/my_bot/install/my_bot
[0.116s] -- The C compiler identification is GNU 11.4.0
[0.277s] -- The CXX compiler identification is GNU 11.4.0
[0.285s] -- Detecting C compiler ABI info
[0.365s] -- Detecting C compiler ABI info - done
[0.373s] -- Check for working C compiler: /usr/bin/cc - skipped
[0.373s] -- Detecting C compile features
[0.374s] -- Detecting C compile features - done
[0.378s] -- Detecting CXX compiler ABI info
[0.460s] -- Detecting CXX compiler ABI info - done
[0.468s] -- Check for working CXX compiler: /usr/bin/c++ - skipped
[0.468s] -- Detecting CXX compile features
[0.469s] -- Detecting CXX compile features - done
[0.471s] -- Found ament_cmake: 1.3.8 (/opt/ros/humble/share/ament_cmake/cmake)
[0.662s] -- Found Python3: /usr/bin/python3 (found version "3.10.12") found components: Interpreter 
[0.720s] -- Override CMake install command with custom implementation using symlinks instead of copying resources
[0.776s] -- Found ament_lint_auto: 0.12.10 (/opt/ros/humble/share/ament_lint_auto/cmake)
[0.902s] -- Added test 'copyright' to check source files copyright and LICENSE
[0.910s] -- Added test 'cppcheck' to perform static code analysis on C / C++ code
[0.910s] -- Configured cppcheck include dirs: 
[0.910s] -- Configured cppcheck exclude dirs and/or files: 
[0.918s] -- Added test 'cpplint' to check C / C++ code against the Google style
[0.918s] -- Configured cpplint exclude dirs and/or files: 
[0.920s] -- Added test 'flake8' to check Python code syntax and style conventions
[0.922s] -- Added test 'lint_cmake' to check CMake code style
[0.923s] -- Added test 'pep257' to check Python code against some of the docstring style conventions in PEP 257
[0.932s] -- Added test 'uncrustify' to check C / C++ code style
[0.932s] -- Configured uncrustify additional arguments: 
[0.933s] -- Added test 'xmllint' to check XML markup files
[0.935s] -- Configuring done
[0.938s] -- Generating done
[0.939s] -- Build files have been written to: /home/roberto/dev_ws/src/my_bot/build/my_bot
[0.943s] Invoked command in '/home/roberto/dev_ws/src/my_bot/build/my_bot' returned '0': CMAKE_PREFIX_PATH=${CMAKE_PREFIX_PATH}:/opt/ros/humble /usr/bin/cmake /home/roberto/dev_ws/src/my_bot -DAMENT_CMAKE_SYMLINK_INSTALL=1 -DCMAKE_INSTALL_PREFIX=/home/roberto/dev_ws/src/my_bot/install/my_bot
[0.946s] Invoking command in '/home/roberto/dev_ws/src/my_bot/build/my_bot': CMAKE_PREFIX_PATH=${CMAKE_PREFIX_PATH}:/opt/ros/humble /usr/bin/cmake --build /home/roberto/dev_ws/src/my_bot/build/my_bot -- -j8 -l8
[0.982s] Invoked command in '/home/roberto/dev_ws/src/my_bot/build/my_bot' returned '0': CMAKE_PREFIX_PATH=${CMAKE_PREFIX_PATH}:/opt/ros/humble /usr/bin/cmake --build /home/roberto/dev_ws/src/my_bot/build/my_bot -- -j8 -l8
[1.014s] Invoking command in '/home/roberto/dev_ws/src/my_bot/build/my_bot': CMAKE_PREFIX_PATH=${CMAKE_PREFIX_PATH}:/opt/ros/humble /usr/bin/cmake --install /home/roberto/dev_ws/src/my_bot/build/my_bot
[1.021s] -- Install configuration: ""
[1.022s] -- Execute custom install script
[1.022s] -- Symlinking: /home/roberto/dev_ws/src/my_bot/install/my_bot/share/my_bot/config/empty.yaml
[1.031s] -- Symlinking: /home/roberto/dev_ws/src/my_bot/install/my_bot/share/my_bot/description/intertial_macros.xacro
[1.040s] -- Symlinking: /home/roberto/dev_ws/src/my_bot/install/my_bot/share/my_bot/description/robot.urdf.xacro
[1.049s] -- Symlinking: /home/roberto/dev_ws/src/my_bot/install/my_bot/share/my_bot/description/robot_core.xacro
[1.058s] -- Symlinking: /home/roberto/dev_ws/src/my_bot/install/my_bot/share/my_bot/description/robot_materials.xacro
[1.067s] -- Symlinking: /home/roberto/dev_ws/src/my_bot/install/my_bot/share/my_bot/launch/rsp.launch.py
[1.078s] -- Symlinking: /home/roberto/dev_ws/src/my_bot/install/my_bot/share/my_bot/worlds/empty.world
[1.087s] -- Symlinking: /home/roberto/dev_ws/src/my_bot/install/my_bot/share/ament_index/resource_index/package_run_dependencies/my_bot
[1.096s] -- Symlinking: /home/roberto/dev_ws/src/my_bot/install/my_bot/share/ament_index/resource_index/parent_prefix_path/my_bot
[1.105s] -- Symlinking: /home/roberto/dev_ws/src/my_bot/install/my_bot/share/my_bot/environment/ament_prefix_path.sh
[1.113s] -- Symlinking: /home/roberto/dev_ws/src/my_bot/install/my_bot/share/my_bot/environment/ament_prefix_path.dsv
[1.123s] -- Symlinking: /home/roberto/dev_ws/src/my_bot/install/my_bot/share/my_bot/environment/path.sh
[1.132s] -- Symlinking: /home/roberto/dev_ws/src/my_bot/install/my_bot/share/my_bot/environment/path.dsv
[1.141s] -- Symlinking: /home/roberto/dev_ws/src/my_bot/install/my_bot/share/my_bot/local_setup.bash
[1.150s] -- Symlinking: /home/roberto/dev_ws/src/my_bot/install/my_bot/share/my_bot/local_setup.sh
[1.159s] -- Symlinking: /home/roberto/dev_ws/src/my_bot/install/my_bot/share/my_bot/local_setup.zsh
[1.168s] -- Symlinking: /home/roberto/dev_ws/src/my_bot/install/my_bot/share/my_bot/local_setup.dsv
[1.176s] -- Symlinking: /home/roberto/dev_ws/src/my_bot/install/my_bot/share/my_bot/package.dsv
[1.185s] -- Symlinking: /home/roberto/dev_ws/src/my_bot/install/my_bot/share/ament_index/resource_index/packages/my_bot
[1.194s] -- Symlinking: /home/roberto/dev_ws/src/my_bot/install/my_bot/share/my_bot/cmake/my_botConfig.cmake
[1.203s] -- Symlinking: /home/roberto/dev_ws/src/my_bot/install/my_bot/share/my_bot/cmake/my_botConfig-version.cmake
[1.211s] -- Symlinking: /home/roberto/dev_ws/src/my_bot/install/my_bot/share/my_bot/package.xml
[1.222s] Invoked command in '/home/roberto/dev_ws/src/my_bot/build/my_bot' returned '0': CMAKE_PREFIX_PATH=${CMAKE_PREFIX_PATH}:/opt/ros/humble /usr/bin/cmake --install /home/roberto/dev_ws/src/my_bot/build/my_bot
