[0.106s] DEBUG:colcon:Command line arguments: ['/usr/bin/colcon', 'build', '--symlink-install']
[0.107s] DEBUG:colcon:Parsed command line arguments: Namespace(log_base=None, log_level=None, verb_name='build', build_base='build', install_base='install', merge_install=False, symlink_install=True, test_result_base=None, continue_on_error=False, executor='parallel', parallel_workers=8, event_handlers=None, ignore_user_meta=False, metas=['./colcon.meta'], base_paths=['.'], packages_ignore=None, packages_ignore_regex=None, paths=None, packages_up_to=None, packages_up_to_regex=None, packages_above=None, packages_above_and_dependencies=None, packages_above_depth=None, packages_select_by_dep=None, packages_skip_by_dep=None, packages_skip_up_to=None, packages_select_build_failed=False, packages_skip_build_finished=False, packages_select_test_failures=False, packages_skip_test_passed=False, packages_select=None, packages_skip=None, packages_select_regex=None, packages_skip_regex=None, packages_start=None, packages_end=None, allow_overriding=[], cmake_args=None, cmake_target=None, cmake_target_skip_unavailable=False, cmake_clean_cache=False, cmake_clean_first=False, cmake_force_configure=False, ament_cmake_args=None, catkin_cmake_args=None, catkin_skip_building_tests=False, mixin_files=None, mixin=None, verb_parser=<colcon_mixin.mixin.mixin_argument.MixinArgumentDecorator object at 0x733e5784a620>, verb_extension=<colcon_core.verb.build.BuildVerb object at 0x733e57849f00>, main=<bound method BuildVerb.main of <colcon_core.verb.build.BuildVerb object at 0x733e57849f00>>, mixin_verb=('build',))
[0.276s] Level 1:colcon.colcon_core.package_discovery:discover_packages(colcon_meta) check parameters
[0.276s] Level 1:colcon.colcon_core.package_discovery:discover_packages(recursive) check parameters
[0.277s] Level 1:colcon.colcon_core.package_discovery:discover_packages(ignore) check parameters
[0.277s] Level 1:colcon.colcon_core.package_discovery:discover_packages(path) check parameters
[0.277s] Level 1:colcon.colcon_core.package_discovery:discover_packages(colcon_meta) discover
[0.277s] Level 1:colcon.colcon_core.package_discovery:discover_packages(recursive) discover
[0.277s] INFO:colcon.colcon_core.package_discovery:Crawling recursively for packages in '/home/roberto/dev_ws/src/my_bot'
[0.277s] Level 1:colcon.colcon_core.package_identification:_identify(.) by extensions ['ignore', 'ignore_ament_install']
[0.277s] Level 1:colcon.colcon_core.package_identification:_identify(.) by extension 'ignore'
[0.277s] Level 1:colcon.colcon_core.package_identification:_identify(.) by extension 'ignore_ament_install'
[0.277s] Level 1:colcon.colcon_core.package_identification:_identify(.) by extensions ['colcon_pkg']
[0.277s] Level 1:colcon.colcon_core.package_identification:_identify(.) by extension 'colcon_pkg'
[0.277s] Level 1:colcon.colcon_core.package_identification:_identify(.) by extensions ['colcon_meta']
[0.277s] Level 1:colcon.colcon_core.package_identification:_identify(.) by extension 'colcon_meta'
[0.277s] Level 1:colcon.colcon_core.package_identification:_identify(.) by extensions ['ros']
[0.277s] Level 1:colcon.colcon_core.package_identification:_identify(.) by extension 'ros'
[0.289s] DEBUG:colcon.colcon_core.package_identification:Package '.' with type 'ros.ament_cmake' and name 'my_bot'
[0.289s] Level 1:colcon.colcon_core.package_discovery:discover_packages(recursive) using defaults
[0.290s] Level 1:colcon.colcon_core.package_discovery:discover_packages(ignore) discover
[0.290s] Level 1:colcon.colcon_core.package_discovery:discover_packages(ignore) using defaults
[0.290s] Level 1:colcon.colcon_core.package_discovery:discover_packages(path) discover
[0.290s] Level 1:colcon.colcon_core.package_discovery:discover_packages(path) using defaults
[0.317s] Level 1:colcon.colcon_core.package_discovery:discover_packages(prefix_path) check parameters
[0.317s] Level 1:colcon.colcon_core.package_discovery:discover_packages(prefix_path) discover
[0.319s] DEBUG:colcon.colcon_installed_package_information.package_discovery:Found 1 installed packages in /home/roberto/dev_ws/install
[0.320s] DEBUG:colcon.colcon_installed_package_information.package_discovery:Found 279 installed packages in /opt/ros/humble
[0.321s] Level 1:colcon.colcon_core.package_discovery:discover_packages(prefix_path) using defaults
[0.357s] Level 5:colcon.colcon_core.verb:set package 'my_bot' build argument 'cmake_args' from command line to 'None'
[0.357s] Level 5:colcon.colcon_core.verb:set package 'my_bot' build argument 'cmake_target' from command line to 'None'
[0.357s] Level 5:colcon.colcon_core.verb:set package 'my_bot' build argument 'cmake_target_skip_unavailable' from command line to 'False'
[0.357s] Level 5:colcon.colcon_core.verb:set package 'my_bot' build argument 'cmake_clean_cache' from command line to 'False'
[0.357s] Level 5:colcon.colcon_core.verb:set package 'my_bot' build argument 'cmake_clean_first' from command line to 'False'
[0.357s] Level 5:colcon.colcon_core.verb:set package 'my_bot' build argument 'cmake_force_configure' from command line to 'False'
[0.357s] Level 5:colcon.colcon_core.verb:set package 'my_bot' build argument 'ament_cmake_args' from command line to 'None'
[0.358s] Level 5:colcon.colcon_core.verb:set package 'my_bot' build argument 'catkin_cmake_args' from command line to 'None'
[0.358s] Level 5:colcon.colcon_core.verb:set package 'my_bot' build argument 'catkin_skip_building_tests' from command line to 'False'
[0.358s] DEBUG:colcon.colcon_core.verb:Building package 'my_bot' with the following arguments: {'ament_cmake_args': None, 'build_base': '/home/roberto/dev_ws/src/my_bot/build/my_bot', 'catkin_cmake_args': None, 'catkin_skip_building_tests': False, 'cmake_args': None, 'cmake_clean_cache': False, 'cmake_clean_first': False, 'cmake_force_configure': False, 'cmake_target': None, 'cmake_target_skip_unavailable': False, 'install_base': '/home/roberto/dev_ws/src/my_bot/install/my_bot', 'merge_install': False, 'path': '/home/roberto/dev_ws/src/my_bot', 'symlink_install': True, 'test_result_base': None}
[0.358s] INFO:colcon.colcon_core.executor:Executing jobs using 'parallel' executor
[0.359s] DEBUG:colcon.colcon_parallel_executor.executor.parallel:run_until_complete
[0.359s] INFO:colcon.colcon_ros.task.ament_cmake.build:Building ROS package in '/home/roberto/dev_ws/src/my_bot' with build type 'ament_cmake'
[0.359s] INFO:colcon.colcon_cmake.task.cmake.build:Building CMake package in '/home/roberto/dev_ws/src/my_bot'
[0.361s] INFO:colcon.colcon_core.plugin_system:Skipping extension 'colcon_core.shell.bat': Not used on non-Windows systems
[0.361s] INFO:colcon.colcon_core.shell:Skip shell extension 'powershell' for command environment: Not usable outside of PowerShell
[0.361s] DEBUG:colcon.colcon_core.shell:Skip shell extension 'dsv' for command environment
[0.369s] DEBUG:colcon.colcon_core.event_handler.log_command:Invoking command in '/home/roberto/dev_ws/src/my_bot/build/my_bot': CMAKE_PREFIX_PATH=${CMAKE_PREFIX_PATH}:/opt/ros/humble /usr/bin/cmake /home/roberto/dev_ws/src/my_bot -DAMENT_CMAKE_SYMLINK_INSTALL=1 -DCMAKE_INSTALL_PREFIX=/home/roberto/dev_ws/src/my_bot/install/my_bot
[1.302s] DEBUG:colcon.colcon_core.event_handler.log_command:Invoked command in '/home/roberto/dev_ws/src/my_bot/build/my_bot' returned '0': CMAKE_PREFIX_PATH=${CMAKE_PREFIX_PATH}:/opt/ros/humble /usr/bin/cmake /home/roberto/dev_ws/src/my_bot -DAMENT_CMAKE_SYMLINK_INSTALL=1 -DCMAKE_INSTALL_PREFIX=/home/roberto/dev_ws/src/my_bot/install/my_bot
[1.305s] DEBUG:colcon.colcon_core.event_handler.log_command:Invoking command in '/home/roberto/dev_ws/src/my_bot/build/my_bot': CMAKE_PREFIX_PATH=${CMAKE_PREFIX_PATH}:/opt/ros/humble /usr/bin/cmake --build /home/roberto/dev_ws/src/my_bot/build/my_bot -- -j8 -l8
[1.341s] DEBUG:colcon.colcon_core.event_handler.log_command:Invoked command in '/home/roberto/dev_ws/src/my_bot/build/my_bot' returned '0': CMAKE_PREFIX_PATH=${CMAKE_PREFIX_PATH}:/opt/ros/humble /usr/bin/cmake --build /home/roberto/dev_ws/src/my_bot/build/my_bot -- -j8 -l8
[1.373s] DEBUG:colcon.colcon_core.event_handler.log_command:Invoking command in '/home/roberto/dev_ws/src/my_bot/build/my_bot': CMAKE_PREFIX_PATH=${CMAKE_PREFIX_PATH}:/opt/ros/humble /usr/bin/cmake --install /home/roberto/dev_ws/src/my_bot/build/my_bot
[1.581s] Level 1:colcon.colcon_core.environment:create_environment_scripts_only(my_bot)
[1.581s] DEBUG:colcon.colcon_core.event_handler.log_command:Invoked command in '/home/roberto/dev_ws/src/my_bot/build/my_bot' returned '0': CMAKE_PREFIX_PATH=${CMAKE_PREFIX_PATH}:/opt/ros/humble /usr/bin/cmake --install /home/roberto/dev_ws/src/my_bot/build/my_bot
[1.584s] Level 1:colcon.colcon_core.environment:checking '/home/roberto/dev_ws/src/my_bot/install/my_bot' for CMake module files
[1.584s] Level 1:colcon.colcon_core.environment:checking '/home/roberto/dev_ws/src/my_bot/install/my_bot' for CMake config files
[1.585s] Level 1:colcon.colcon_core.shell:create_environment_hook('my_bot', 'cmake_prefix_path')
[1.585s] INFO:colcon.colcon_core.shell:Creating environment hook '/home/roberto/dev_ws/src/my_bot/install/my_bot/share/my_bot/hook/cmake_prefix_path.ps1'
[1.586s] INFO:colcon.colcon_core.shell:Creating environment descriptor '/home/roberto/dev_ws/src/my_bot/install/my_bot/share/my_bot/hook/cmake_prefix_path.dsv'
[1.586s] INFO:colcon.colcon_core.shell:Creating environment hook '/home/roberto/dev_ws/src/my_bot/install/my_bot/share/my_bot/hook/cmake_prefix_path.sh'
[1.588s] Level 1:colcon.colcon_core.environment:checking '/home/roberto/dev_ws/src/my_bot/install/my_bot/bin'
[1.588s] Level 1:colcon.colcon_core.environment:checking '/home/roberto/dev_ws/src/my_bot/install/my_bot/lib/pkgconfig/my_bot.pc'
[1.588s] Level 1:colcon.colcon_core.environment:checking '/home/roberto/dev_ws/src/my_bot/install/my_bot/lib/python3.10/site-packages'
[1.588s] Level 1:colcon.colcon_core.environment:checking '/home/roberto/dev_ws/src/my_bot/install/my_bot/bin'
[1.588s] INFO:colcon.colcon_core.shell:Creating package script '/home/roberto/dev_ws/src/my_bot/install/my_bot/share/my_bot/package.ps1'
[1.589s] INFO:colcon.colcon_core.shell:Creating package descriptor '/home/roberto/dev_ws/src/my_bot/install/my_bot/share/my_bot/package.dsv'
[1.589s] INFO:colcon.colcon_core.shell:Creating package script '/home/roberto/dev_ws/src/my_bot/install/my_bot/share/my_bot/package.sh'
[1.590s] INFO:colcon.colcon_core.shell:Creating package script '/home/roberto/dev_ws/src/my_bot/install/my_bot/share/my_bot/package.bash'
[1.591s] INFO:colcon.colcon_core.shell:Creating package script '/home/roberto/dev_ws/src/my_bot/install/my_bot/share/my_bot/package.zsh'
[1.591s] Level 1:colcon.colcon_core.environment:create_file_with_runtime_dependencies(/home/roberto/dev_ws/src/my_bot/install/my_bot/share/colcon-core/packages/my_bot)
[1.614s] Level 1:colcon.colcon_core.environment:create_environment_scripts_only(my_bot)
[1.614s] Level 1:colcon.colcon_core.environment:checking '/home/roberto/dev_ws/src/my_bot/install/my_bot' for CMake module files
[1.614s] Level 1:colcon.colcon_core.environment:checking '/home/roberto/dev_ws/src/my_bot/install/my_bot' for CMake config files
[1.615s] Level 1:colcon.colcon_core.shell:create_environment_hook('my_bot', 'cmake_prefix_path')
[1.615s] INFO:colcon.colcon_core.shell:Creating environment hook '/home/roberto/dev_ws/src/my_bot/install/my_bot/share/my_bot/hook/cmake_prefix_path.ps1'
[1.615s] INFO:colcon.colcon_core.shell:Creating environment descriptor '/home/roberto/dev_ws/src/my_bot/install/my_bot/share/my_bot/hook/cmake_prefix_path.dsv'
[1.615s] INFO:colcon.colcon_core.shell:Creating environment hook '/home/roberto/dev_ws/src/my_bot/install/my_bot/share/my_bot/hook/cmake_prefix_path.sh'
[1.616s] Level 1:colcon.colcon_core.environment:checking '/home/roberto/dev_ws/src/my_bot/install/my_bot/bin'
[1.616s] Level 1:colcon.colcon_core.environment:checking '/home/roberto/dev_ws/src/my_bot/install/my_bot/lib/pkgconfig/my_bot.pc'
[1.616s] Level 1:colcon.colcon_core.environment:checking '/home/roberto/dev_ws/src/my_bot/install/my_bot/lib/python3.10/site-packages'
[1.616s] Level 1:colcon.colcon_core.environment:checking '/home/roberto/dev_ws/src/my_bot/install/my_bot/bin'
[1.617s] INFO:colcon.colcon_core.shell:Creating package script '/home/roberto/dev_ws/src/my_bot/install/my_bot/share/my_bot/package.ps1'
[1.617s] INFO:colcon.colcon_core.shell:Creating package descriptor '/home/roberto/dev_ws/src/my_bot/install/my_bot/share/my_bot/package.dsv'
[1.617s] INFO:colcon.colcon_core.shell:Creating package script '/home/roberto/dev_ws/src/my_bot/install/my_bot/share/my_bot/package.sh'
[1.618s] INFO:colcon.colcon_core.shell:Creating package script '/home/roberto/dev_ws/src/my_bot/install/my_bot/share/my_bot/package.bash'
[1.618s] INFO:colcon.colcon_core.shell:Creating package script '/home/roberto/dev_ws/src/my_bot/install/my_bot/share/my_bot/package.zsh'
[1.618s] Level 1:colcon.colcon_core.environment:create_file_with_runtime_dependencies(/home/roberto/dev_ws/src/my_bot/install/my_bot/share/colcon-core/packages/my_bot)
[1.618s] DEBUG:colcon.colcon_parallel_executor.executor.parallel:closing loop
[1.619s] DEBUG:colcon.colcon_parallel_executor.executor.parallel:loop closed
[1.619s] DEBUG:colcon.colcon_parallel_executor.executor.parallel:run_until_complete finished with '0'
[1.619s] DEBUG:colcon.colcon_core.event_reactor:joining thread
[1.624s] INFO:colcon.colcon_core.plugin_system:Skipping extension 'colcon_notification.desktop_notification.terminal_notifier': Not used on non-Darwin systems
[1.624s] INFO:colcon.colcon_core.plugin_system:Skipping extension 'colcon_notification.desktop_notification.win32': Not used on non-Windows systems
[1.624s] INFO:colcon.colcon_notification.desktop_notification:Sending desktop notification using 'notify2'
[1.635s] DEBUG:colcon.colcon_core.event_reactor:joined thread
[1.636s] INFO:colcon.colcon_core.shell:Creating prefix script '/home/roberto/dev_ws/src/my_bot/install/local_setup.ps1'
[1.637s] INFO:colcon.colcon_core.shell:Creating prefix util module '/home/roberto/dev_ws/src/my_bot/install/_local_setup_util_ps1.py'
[1.638s] INFO:colcon.colcon_core.shell:Creating prefix chain script '/home/roberto/dev_ws/src/my_bot/install/setup.ps1'
[1.640s] INFO:colcon.colcon_core.shell:Creating prefix script '/home/roberto/dev_ws/src/my_bot/install/local_setup.sh'
[1.641s] INFO:colcon.colcon_core.shell:Creating prefix util module '/home/roberto/dev_ws/src/my_bot/install/_local_setup_util_sh.py'
[1.641s] INFO:colcon.colcon_core.shell:Creating prefix chain script '/home/roberto/dev_ws/src/my_bot/install/setup.sh'
[1.642s] INFO:colcon.colcon_core.shell:Creating prefix script '/home/roberto/dev_ws/src/my_bot/install/local_setup.bash'
[1.642s] INFO:colcon.colcon_core.shell:Creating prefix chain script '/home/roberto/dev_ws/src/my_bot/install/setup.bash'
[1.643s] INFO:colcon.colcon_core.shell:Creating prefix script '/home/roberto/dev_ws/src/my_bot/install/local_setup.zsh'
[1.644s] INFO:colcon.colcon_core.shell:Creating prefix chain script '/home/roberto/dev_ws/src/my_bot/install/setup.zsh'
